<?xml version="1.0" encoding="UTF-8"?>
<!-- Generated by org.testng.reporters.JUnitReportReporter -->
<testsuite hostname="DESKTOP-6SBLJHF" failures="0" tests="1" name="TestOne" time="0.007" errors="0" timestamp="2022-05-11T17:28:16 EEST" skipped="0">
  <testcase classname="TestOne" name="doit" time="0.007"/>
  <system-out/>
</testsuite> <!-- TestOne -->
